Examples/Yocto-Firmware/build/outputs/logs/manifest-merger-debug-report.txt
-- Merging decision tree log ---
manifest
ADDED from Examples/Yocto-Firmware/AndroidManifest.xml:2:1-59:12
	xmlns:android
		ADDED from Examples/Yocto-Firmware/AndroidManifest.xml:2:11-69
	package
		ADDED from Examples/Yocto-Firmware/AndroidManifest.xml:3:5-43
	android:versionName
		ADDED from Examples/Yocto-Firmware/AndroidManifest.xml:5:5-32
		INJECTED from Examples/Yocto-Firmware/AndroidManifest.xml
		INJECTED from Examples/Yocto-Firmware/AndroidManifest.xml
	android:versionCode
		ADDED from Examples/Yocto-Firmware/AndroidManifest.xml:4:5-28
		INJECTED from Examples/Yocto-Firmware/AndroidManifest.xml
		INJECTED from Examples/Yocto-Firmware/AndroidManifest.xml
uses-sdk
ADDED from Examples/Yocto-Firmware/AndroidManifest.xml:7:5-9:41
MERGED from [com.yoctopuce.android:YoctoLib:1.10.24765] AndroidManifest.xml:7:5-9:41
	android:targetSdkVersion
		ADDED from Examples/Yocto-Firmware/AndroidManifest.xml:9:9-38
		INJECTED from Examples/Yocto-Firmware/AndroidManifest.xml
		INJECTED from Examples/Yocto-Firmware/AndroidManifest.xml
	android:minSdkVersion
		ADDED from Examples/Yocto-Firmware/AndroidManifest.xml:8:9-35
		INJECTED from Examples/Yocto-Firmware/AndroidManifest.xml
		INJECTED from Examples/Yocto-Firmware/AndroidManifest.xml
uses-feature#android.hardware.usb.host
ADDED from Examples/Yocto-Firmware/AndroidManifest.xml:11:5-62
	android:name
		ADDED from Examples/Yocto-Firmware/AndroidManifest.xml:11:19-59
uses-permission#android.permission.INTERNET
ADDED from Examples/Yocto-Firmware/AndroidManifest.xml:12:5-67
	android:name
		ADDED from Examples/Yocto-Firmware/AndroidManifest.xml:12:22-64
application
ADDED from Examples/Yocto-Firmware/AndroidManifest.xml:15:5-57:19
MERGED from [com.yoctopuce.android:YoctoLib:1.10.24765] AndroidManifest.xml:11:5-53
	android:label
		ADDED from Examples/Yocto-Firmware/AndroidManifest.xml:18:9-41
	android:allowBackup
		ADDED from Examples/Yocto-Firmware/AndroidManifest.xml:16:9-35
	android:icon
		ADDED from Examples/Yocto-Firmware/AndroidManifest.xml:17:9-45
	android:theme
		ADDED from Examples/Yocto-Firmware/AndroidManifest.xml:19:9-40
activity#com.yoctopuce.yocto_firmware.CheckFirmwareActivity
ADDED from Examples/Yocto-Firmware/AndroidManifest.xml:20:9-31:20
	android:label
		ADDED from Examples/Yocto-Firmware/AndroidManifest.xml:22:13-45
	android:name
		ADDED from Examples/Yocto-Firmware/AndroidManifest.xml:21:13-78
intent-filter#android.intent.action.MAIN+android.intent.category.LAUNCHER
ADDED from Examples/Yocto-Firmware/AndroidManifest.xml:26:13-30:29
action#android.intent.action.MAIN
ADDED from Examples/Yocto-Firmware/AndroidManifest.xml:27:17-69
	android:name
		ADDED from Examples/Yocto-Firmware/AndroidManifest.xml:27:25-66
category#android.intent.category.LAUNCHER
ADDED from Examples/Yocto-Firmware/AndroidManifest.xml:29:17-77
	android:name
		ADDED from Examples/Yocto-Firmware/AndroidManifest.xml:29:27-74
activity#com.yoctopuce.yocto_firmware.USBDevicePluggedActivity
ADDED from Examples/Yocto-Firmware/AndroidManifest.xml:32:9-45:20
	android:noHistory
		ADDED from Examples/Yocto-Firmware/AndroidManifest.xml:34:13-37
	android:name
		ADDED from Examples/Yocto-Firmware/AndroidManifest.xml:33:13-81
activity#com.yoctopuce.yocto_firmware.DoUpdateActivity
ADDED from Examples/Yocto-Firmware/AndroidManifest.xml:46:9-56:20
	android:label
		ADDED from Examples/Yocto-Firmware/AndroidManifest.xml:50:13-61
	android:configChanges
		ADDED from Examples/Yocto-Firmware/AndroidManifest.xml:49:13-74
	android:theme
		ADDED from Examples/Yocto-Firmware/AndroidManifest.xml:47:13-51
	android:parentActivityName
		ADDED from Examples/Yocto-Firmware/AndroidManifest.xml:51:13-92
	android:name
		ADDED from Examples/Yocto-Firmware/AndroidManifest.xml:48:13-73
meta-data#android.support.PARENT_ACTIVITY
ADDED from Examples/Yocto-Firmware/AndroidManifest.xml:53:13-55:86
	android:name
		ADDED from Examples/Yocto-Firmware/AndroidManifest.xml:54:17-63
	android:value
		ADDED from Examples/Yocto-Firmware/AndroidManifest.xml:55:17-83